
/home/runner/work/exp-rim-type-flywheel-nitk/exp-rim-type-flywheel-nitk/experiment/simulation/js/MOMscript.js
   22:10  warning  'point' is defined but never used            no-unused-vars
   30:10  warning  'pointtrans' is defined but never used       no-unused-vars
   38:10  warning  'pointdisp' is defined but never used        no-unused-vars
   88:10  warning  'pointdist' is defined but never used        no-unused-vars
   94:10  warning  'pointjoin' is defined but never used        no-unused-vars
  109:10  warning  'pointtrace' is defined but never used       no-unused-vars
  127:10  warning  'deg' is defined but never used              no-unused-vars
  137:10  warning  'drawrect' is defined but never used         no-unused-vars
  157:10  warning  'drawArrow' is defined but never used        no-unused-vars
  173:10  warning  'signof' is defined but never used           no-unused-vars
  178:10  warning  'storeCoordinate' is defined but never used  no-unused-vars
  185:10  warning  'roundd' is defined but never used           no-unused-vars
  191:10  warning  'plotgraph' is defined but never used        no-unused-vars
  201:1   warning  'i' is not defined                           no-undef
  203:7   warning  'i' is not defined                           no-undef
  205:20  warning  'i' is not defined                           no-undef
  205:27  warning  'i' is not defined                           no-undef
  206:2   warning  'i' is not defined                           no-undef
  207:6   warning  'i' is not defined                           no-undef
  210:3   warning  'i' is not defined                           no-undef
  210:5   warning  'i' is not defined                           no-undef

/home/runner/work/exp-rim-type-flywheel-nitk/exp-rim-type-flywheel-nitk/experiment/simulation/js/dpi.js
  39:5  error  Parsing error: Identifier 'canvas' has already been declared

/home/runner/work/exp-rim-type-flywheel-nitk/exp-rim-type-flywheel-nitk/experiment/simulation/js/jquery-ui.js
      9:39  warning  'define' is not defined                                      no-undef
     11:5   warning  'define' is not defined                                      no-undef
     14:13  warning  'jQuery' is not defined                                      no-undef
     21:7   warning  'version' is assigned a value but never used                 no-unused-vars
    797:7   warning  'widget' is assigned a value but never used                  no-unused-vars
    822:19  warning  Unnecessary escape character: \+                             no-useless-escape
    822:21  warning  Unnecessary escape character: \-                             no-useless-escape
   1365:7   warning  'position' is assigned a value but never used                no-unused-vars
   1381:7   warning  'data' is assigned a value but never used                    no-unused-vars
   1410:7   warning  'disableSelection' is assigned a value but never used        no-unused-vars
   1452:23  warning  Unnecessary escape character: \-                             no-useless-escape
   1462:39  warning  Unnecessary escape character: \%                             no-useless-escape
   1462:63  warning  Unnecessary escape character: \%                             no-useless-escape
   1462:87  warning  Unnecessary escape character: \%                             no-useless-escape
   1499:61  warning  Unnecessary escape character: \%                             no-useless-escape
   1499:85  warning  Unnecessary escape character: \%                             no-useless-escape
   2078:29  warning  Empty block statement                                        no-empty
   3120:63  warning  Empty block statement                                        no-empty
   3156:7   warning  'effectsEffectBlind' is assigned a value but never used      no-unused-vars
   3217:7   warning  'effectsEffectBounce' is assigned a value but never used     no-unused-vars
   3309:7   warning  'effectsEffectClip' is assigned a value but never used       no-unused-vars
   3360:7   warning  'effectsEffectDrop' is assigned a value but never used       no-unused-vars
   3418:7   warning  'effectsEffectExplode' is assigned a value but never used    no-unused-vars
   3523:7   warning  'effectsEffectFade' is assigned a value but never used       no-unused-vars
   3560:7   warning  'effectsEffectFold' is assigned a value but never used       no-unused-vars
   3639:7   warning  'effectsEffectHighlight' is assigned a value but never used  no-unused-vars
   3683:7   warning  'effectsEffectSize' is assigned a value but never used       no-unused-vars
   3884:7   warning  'effectsEffectScale' is assigned a value but never used      no-unused-vars
   3929:7   warning  'effectsEffectPuff' is assigned a value but never used       no-unused-vars
   3957:7   warning  'effectsEffectPulsate' is assigned a value but never used    no-unused-vars
   4007:7   warning  'effectsEffectShake' is assigned a value but never used      no-unused-vars
   4062:7   warning  'effectsEffectSlide' is assigned a value but never used      no-unused-vars
   4127:7   warning  'effect' is already defined                                  no-redeclare
   4133:7   warning  'effectsEffectTransfer' is assigned a value but never used   no-unused-vars
   4209:7   warning  'focusable' is assigned a value but never used               no-unused-vars
   4214:7   warning  'form' is assigned a value but never used                    no-unused-vars
   4234:7   warning  'formResetMixin' is assigned a value but never used          no-unused-vars
   4311:22  warning  Unexpected control character(s) in regular expression: \x1f  no-control-regex
   4369:7   warning  'keycode' is assigned a value but never used                 no-unused-vars
   4402:7   warning  'labels' is assigned a value but never used                  no-unused-vars
   4455:7   warning  'scrollParent' is assigned a value but never used            no-unused-vars
   4492:7   warning  'tabbable' is assigned a value but never used                no-unused-vars
   4516:7   warning  'uniqueId' is assigned a value but never used                no-unused-vars
   4558:7   warning  'widgetsAccordion' is assigned a value but never used        no-unused-vars
   5187:7   warning  'safeActiveElement' is assigned a value but never used       no-unused-vars
   5233:7   warning  'widgetsMenu' is assigned a value but never used             no-unused-vars
   5939:13  warning  Unnecessary escape character: \-                             no-useless-escape
   5939:15  warning  Unnecessary escape character: \[                             no-useless-escape
   5939:30  warning  Unnecessary escape character: \^                             no-useless-escape
   6581:30  warning  Unnecessary escape character: \-                             no-useless-escape
   6581:32  warning  Unnecessary escape character: \[                             no-useless-escape
   6581:47  warning  Unnecessary escape character: \^                             no-useless-escape
   6626:7   warning  'widgetsAutocomplete' is assigned a value but never used     no-unused-vars
   6648:7   warning  'widgetsControlgroup' is assigned a value but never used     no-unused-vars
   7239:7   warning  'widgetsCheckboxradio' is assigned a value but never used    no-unused-vars
   7686:7   warning  'widgetsButton' is assigned a value but never used           no-unused-vars
   7921:51  warning  Unnecessary escape character: \-                             no-useless-escape
   8620:23  warning  Empty block statement                                        no-empty
   9326:18  warning  Unexpected constant condition                                no-constant-condition
   9623:27  warning  Unnecessary escape character: \-                             no-useless-escape
  10293:40  warning  Unnecessary escape character: \-                             no-useless-escape
  10295:32  warning  Unnecessary escape character: \-                             no-useless-escape
  10435:35  warning  Unnecessary escape character: \-                             no-useless-escape
  10438:35  warning  Unnecessary escape character: \-                             no-useless-escape
  10603:7   warning  'widgetsDatepicker' is assigned a value but never used       no-unused-vars
  10606:7   warning  'ie' is assigned a value but never used                      no-unused-vars
  10627:7   warning  'widgetsMouse' is assigned a value but never used            no-unused-vars
  10835:7   warning  'plugin' is assigned a value but never used                  no-unused-vars
  10868:7   warning  'safeBlur' is assigned a value but never used                no-unused-vars
  12169:7   warning  'widgetsDraggable' is assigned a value but never used        no-unused-vars
  13428:7   warning  'widgetsResizable' is assigned a value but never used        no-unused-vars
  14383:7   warning  'widgetsDialog' is assigned a value but never used           no-unused-vars
  14902:7   warning  'widgetsDroppable' is assigned a value but never used        no-unused-vars
  14924:7   warning  'widgetsProgressbar' is assigned a value but never used      no-unused-vars
  15081:7   warning  'widgetsSelectable' is assigned a value but never used       no-unused-vars
  15399:7   warning  'widgetsSelectmenu' is assigned a value but never used       no-unused-vars
  16098:7   warning  'widgetsSlider' is assigned a value but never used           no-unused-vars
  16890:7   warning  'widgetsSortable' is assigned a value but never used         no-unused-vars
  17501:33  warning  Unnecessary escape character: \-                             no-useless-escape
  19078:15  warning  'Globalize' is not defined                                   no-undef
  19089:11  warning  'Globalize' is not defined                                   no-undef
  19209:7   warning  'widgetsSpinner' is assigned a value but never used          no-unused-vars
  19265:25  warning  Empty block statement                                        no-empty
  19268:25  warning  Empty block statement                                        no-empty
  19507:38  warning  Unnecessary escape character: \/                             no-useless-escape
  19507:47  warning  Unnecessary escape character: \[                             no-useless-escape
  19507:51  warning  Unnecessary escape character: \^                             no-useless-escape
  20132:7   warning  'widgetsTabs' is assigned a value but never used             no-unused-vars
  20643:7   warning  'widgetsTooltip' is assigned a value but never used          no-unused-vars

/home/runner/work/exp-rim-type-flywheel-nitk/exp-rim-type-flywheel-nitk/experiment/simulation/js/jquery-ui.min.js
  5:4185    warning  'jQuery' is not defined                                                    no-undef
  5:4352    warning  Empty block statement                                                      no-empty
  5:5584    warning  Do not access Object.prototype method 'hasOwnProperty' from target object  no-prototype-builtins
  5:10572   warning  'jQuery' is not defined                                                    no-undef
  5:10591   warning  't' is defined but never used                                              no-unused-vars
  5:13289   warning  'jQuery' is not defined                                                    no-undef
  5:13308   warning  't' is defined but never used                                              no-unused-vars
  5:31605   warning  'jQuery' is not defined                                                    no-undef
  5:31624   warning  't' is defined but never used                                              no-unused-vars
  5:37411   warning  'jQuery' is not defined                                                    no-undef
  5:37430   warning  't' is defined but never used                                              no-unused-vars
  5:54616   warning  'jQuery' is not defined                                                    no-undef
  5:54635   warning  't' is defined but never used                                              no-unused-vars
  5:58560   warning  'jQuery' is not defined                                                    no-undef
  5:58579   warning  't' is defined but never used                                              no-unused-vars
  5:66334   warning  Unnecessary escape character: \-                                           no-useless-escape
  5:82082   warning  'jQuery' is not defined                                                    no-undef
  5:82090   warning  'jQuery' is not defined                                                    no-undef
  5:82869   warning  Unnecessary escape character: \-                                           no-useless-escape
  5:83062   warning  Unnecessary escape character: \%                                           no-useless-escape
  5:83086   warning  Unnecessary escape character: \%                                           no-useless-escape
  5:83110   warning  Unnecessary escape character: \%                                           no-useless-escape
  5:83525   warning  Unnecessary escape character: \%                                           no-useless-escape
  5:83549   warning  Unnecessary escape character: \%                                           no-useless-escape
  5:87951   warning  Empty block statement                                                      no-empty
  5:88042   warning  Empty block statement                                                      no-empty
  5:88669   warning  'jQuery' is not defined                                                    no-undef
  5:89422   warning  'jQuery' is not defined                                                    no-undef
  5:94864   warning  'jQuery' is not defined                                                    no-undef
  5:94883   warning  't' is defined but never used                                              no-unused-vars
  5:103065  warning  'jQuery' is not defined                                                    no-undef
  5:103084  warning  't' is defined but never used                                              no-unused-vars
  5:110029  warning  Unnecessary escape character: \-                                           no-useless-escape
  5:110031  warning  Unnecessary escape character: \[                                           no-useless-escape
  5:110046  warning  Unnecessary escape character: \^                                           no-useless-escape
  5:110650  warning  'jQuery' is not defined                                                    no-undef
  5:110669  warning  't' is defined but never used                                              no-unused-vars
  5:117665  warning  'jQuery' is not defined                                                    no-undef
  5:121091  warning  Unnecessary escape character: \-                                           no-useless-escape
  5:130083  warning  Empty block statement                                                      no-empty
  5:138773  warning  Unexpected constant condition                                              no-constant-condition
  5:141573  warning  Empty block statement                                                      no-empty
  5:141704  warning  Unnecessary escape character: \-                                           no-useless-escape
  5:150026  warning  Unnecessary escape character: \-                                           no-useless-escape
  5:150075  warning  Unnecessary escape character: \-                                           no-useless-escape
  5:153722  warning  'jQuery' is not defined                                                    no-undef
  5:153741  warning  't' is defined but never used                                              no-unused-vars
  5:164151  warning  'jQuery' is not defined                                                    no-undef
  5:164170  warning  't' is defined but never used                                              no-unused-vars
  5:164972  warning  'jQuery' is not defined                                                    no-undef
  5:164991  warning  't' is defined but never used                                              no-unused-vars
  5:165895  warning  'jQuery' is not defined                                                    no-undef
  5:165914  warning  't' is defined but never used                                              no-unused-vars
  5:166493  warning  'jQuery' is not defined                                                    no-undef
  5:166512  warning  't' is defined but never used                                              no-unused-vars
  5:167170  warning  'jQuery' is not defined                                                    no-undef
  5:167189  warning  't' is defined but never used                                              no-unused-vars
  5:168022  warning  'jQuery' is not defined                                                    no-undef
  5:168041  warning  't' is defined but never used                                              no-unused-vars
  5:168217  warning  'jQuery' is not defined                                                    no-undef
  5:168236  warning  't' is defined but never used                                              no-unused-vars
  5:168927  warning  'jQuery' is not defined                                                    no-undef
  5:168946  warning  't' is defined but never used                                              no-unused-vars
  5:169386  warning  'jQuery' is not defined                                                    no-undef
  5:169405  warning  't' is defined but never used                                              no-unused-vars
  5:169858  warning  'jQuery' is not defined                                                    no-undef
  5:169877  warning  't' is defined but never used                                              no-unused-vars
  5:174076  warning  'jQuery' is not defined                                                    no-undef
  5:174095  warning  't' is defined but never used                                              no-unused-vars
  5:174855  warning  'jQuery' is not defined                                                    no-undef
  5:174874  warning  't' is defined but never used                                              no-unused-vars
  5:175495  warning  'jQuery' is not defined                                                    no-undef
  5:175514  warning  't' is defined but never used                                              no-unused-vars
  5:176024  warning  'jQuery' is not defined                                                    no-undef
  5:176043  warning  't' is defined but never used                                              no-unused-vars
  5:178662  warning  Unnecessary escape character: \-                                           no-useless-escape
  5:178664  warning  Unnecessary escape character: \[                                           no-useless-escape
  5:178679  warning  Unnecessary escape character: \^                                           no-useless-escape
  5:185292  warning  'jQuery' is not defined                                                    no-undef
  5:185911  warning  Unnecessary escape character: \+                                           no-useless-escape
  5:185913  warning  Unnecessary escape character: \-                                           no-useless-escape
  5:191464  warning  'jQuery' is not defined                                                    no-undef
  5:193505  warning  'jQuery' is not defined                                                    no-undef
  5:193524  warning  't' is defined but never used                                              no-unused-vars
  5:203278  warning  'jQuery' is not defined                                                    no-undef
  5:208678  warning  'Globalize' is not defined                                                 no-undef
  5:208836  warning  'Globalize' is not defined                                                 no-undef
  5:210008  warning  'jQuery' is not defined                                                    no-undef
  5:213705  warning  Unnecessary escape character: \/                                           no-useless-escape
  5:213714  warning  Unnecessary escape character: \[                                           no-useless-escape
  5:213718  warning  Unnecessary escape character: \^                                           no-useless-escape
  5:216157  warning  Expected a conditional expression and instead saw an assignment            no-cond-assign
  5:221543  warning  'jQuery' is not defined                                                    no-undef
  5:226205  warning  'jQuery' is not defined                                                    no-undef

/home/runner/work/exp-rim-type-flywheel-nitk/exp-rim-type-flywheel-nitk/experiment/simulation/js/jquery.min.js
  1:1519   warning  Empty block statement                                                      no-empty
  1:6093   warning  Expected a conditional expression and instead saw an assignment            no-cond-assign
  1:7141   warning  Expected a conditional expression and instead saw an assignment            no-cond-assign
  1:7562   warning  Empty block statement                                                      no-empty
  1:7638   warning  Empty block statement                                                      no-empty
  1:8651   warning  Expected a conditional expression and instead saw an assignment            no-cond-assign
  1:10008  warning  Expected a conditional expression and instead saw an assignment            no-cond-assign
  1:11116  warning  Unnecessary escape character: \/                                           no-useless-escape
  1:15261  warning  'ActiveXObject' is not defined                                             no-undef
  1:17795  warning  Empty block statement                                                      no-empty
  1:27398  warning  Empty block statement                                                      no-empty
  1:27718  warning  Expected a conditional expression and instead saw an assignment            no-cond-assign
  1:28140  warning  Expected a conditional expression and instead saw an assignment            no-cond-assign
  1:28499  warning  Expected a conditional expression and instead saw an assignment            no-cond-assign
  1:30610  warning  Expected a conditional expression and instead saw an assignment            no-cond-assign
  2:4821   warning  Empty block statement                                                      no-empty
  2:7463   warning  Empty block statement                                                      no-empty
  2:13288  warning  Expected a conditional expression and instead saw an assignment            no-cond-assign
  2:13304  warning  Expected a conditional expression and instead saw an assignment            no-cond-assign
  2:13793  warning  Expected a conditional expression and instead saw an assignment            no-cond-assign
  2:14025  warning  Empty block statement                                                      no-empty
  2:15171  warning  Expected a conditional expression and instead saw an assignment            no-cond-assign
  2:15264  warning  Expected a conditional expression and instead saw an assignment            no-cond-assign
  2:15324  warning  Expected a conditional expression and instead saw an assignment            no-cond-assign
  2:16527  warning  Expected a conditional expression and instead saw an assignment            no-cond-assign
  2:17050  warning  Expected a conditional expression and instead saw an assignment            no-cond-assign
  2:17164  warning  Expected a conditional expression and instead saw an assignment            no-cond-assign
  2:19349  warning  Unnecessary escape character: \=                                           no-useless-escape
  2:19648  warning  Expected a conditional expression and instead saw an assignment            no-cond-assign
  2:21727  warning  Expected a conditional expression and instead saw an assignment            no-cond-assign
  2:23092  warning  Expected a conditional expression and instead saw an assignment            no-cond-assign
  2:23207  warning  Expected a conditional expression and instead saw an assignment            no-cond-assign
  2:23666  warning  Expected a conditional expression and instead saw an assignment            no-cond-assign
  2:23703  warning  Expected a conditional expression and instead saw an assignment            no-cond-assign
  2:24141  warning  Empty block statement                                                      no-empty
  2:24334  warning  Expected a conditional expression and instead saw an assignment            no-cond-assign
  2:24646  warning  Expected a conditional expression and instead saw an assignment            no-cond-assign
  2:24953  warning  Expected a conditional expression and instead saw an assignment            no-cond-assign
  2:26696  warning  Expected a conditional expression and instead saw an assignment            no-cond-assign
  2:26933  warning  Expected a conditional expression and instead saw an assignment            no-cond-assign
  2:27417  warning  Do not access Object.prototype method 'hasOwnProperty' from target object  no-prototype-builtins
  2:28090  warning  Expected a conditional expression and instead saw an assignment            no-cond-assign
  2:30228  warning  Unnecessary escape character: \[                                           no-useless-escape
  2:30230  warning  Unnecessary escape character: \.                                           no-useless-escape
  3:4704   warning  Empty block statement                                                      no-empty
  3:7719   warning  Expected a conditional expression and instead saw an assignment            no-cond-assign
  3:7844   warning  Expected a conditional expression and instead saw an assignment            no-cond-assign
  3:9957   warning  Empty block statement                                                      no-empty
  3:13978  warning  Unnecessary escape character: \/                                           no-useless-escape
  3:16544  warning  Expected a conditional expression and instead saw an assignment            no-cond-assign
  3:18435  warning  Expected a conditional expression and instead saw an assignment            no-cond-assign
  3:21176  warning  Empty block statement                                                      no-empty
  3:28773  warning  'define' is not defined                                                    no-undef
  3:28785  warning  'define' is not defined                                                    no-undef
  3:28804  warning  'define' is not defined                                                    no-undef

/home/runner/work/exp-rim-type-flywheel-nitk/exp-rim-type-flywheel-nitk/experiment/simulation/js/jquery.ui.touch-punch.js
  174:4  warning  'jQuery' is not defined  no-undef

/home/runner/work/exp-rim-type-flywheel-nitk/exp-rim-type-flywheel-nitk/experiment/simulation/js/jquery.ui.touch-punch.min.js
  81:4  warning  'jQuery' is not defined  no-undef

/home/runner/work/exp-rim-type-flywheel-nitk/exp-rim-type-flywheel-nitk/experiment/simulation/js/script.js
  93:1  error  Parsing error: Unexpected token <

✖ 263 problems (2 errors, 261 warnings)

